C:\Users\User\Desktop\Folder\RPGMAKER\¸¶³àÀÇ Áý\Data\Actors.rvdata done.

C:\Users\User\Desktop\Folder\RPGMAKER\¸¶³àÀÇ Áý\Data\Animations.rvdata done.

C:\Users\User\Desktop\Folder\RPGMAKER\¸¶³àÀÇ Áý\Data\Areas.rvdata done.

C:\Users\User\Desktop\Folder\RPGMAKER\¸¶³àÀÇ Áý\Data\Armors.rvdata done.

C:\Users\User\Desktop\Folder\RPGMAKER\¸¶³àÀÇ Áý\Data\Classes.rvdata done.

C:\Users\User\Desktop\Folder\RPGMAKER\¸¶³àÀÇ Áý\Data\CommonEvents.rvdata done.

C:\Users\User\Desktop\Folder\RPGMAKER\¸¶³àÀÇ Áý\Data\Enemies.rvdata done.

C:\Users\User\Desktop\Folder\RPGMAKER\¸¶³àÀÇ Áý\Data\Items.rvdata done.

C:\Users\User\Desktop\Folder\RPGMAKER\¸¶³àÀÇ Áý\Data\Map001.rvdata done.

C:\Users\User\Desktop\Folder\RPGMAKER\¸¶³àÀÇ Áý\Data\Map002.rvdata done.

C:\Users\User\Desktop\Folder\RPGMAKER\¸¶³àÀÇ Áý\Data\Map004.rvdata done.

C:\Users\User\Desktop\Folder\RPGMAKER\¸¶³àÀÇ Áý\Data\Map005.rvdata done.

C:\Users\User\Desktop\Folder\RPGMAKER\¸¶³àÀÇ Áý\Data\Map006.rvdata done.

C:\Users\User\Desktop\Folder\RPGMAKER\¸¶³àÀÇ Áý\Data\Map007.rvdata done.

C:\Users\User\Desktop\Folder\RPGMAKER\¸¶³àÀÇ Áý\Data\Map008.rvdata done.

C:\Users\User\Desktop\Folder\RPGMAKER\¸¶³àÀÇ Áý\Data\Map009.rvdata done.

C:\Users\User\Desktop\Folder\RPGMAKER\¸¶³àÀÇ Áý\Data\Map010.rvdata done.

C:\Users\User\Desktop\Folder\RPGMAKER\¸¶³àÀÇ Áý\Data\Map011.rvdata done.

C:\Users\User\Desktop\Folder\RPGMAKER\¸¶³àÀÇ Áý\Data\Map012.rvdata done.

C:\Users\User\Desktop\Folder\RPGMAKER\¸¶³àÀÇ Áý\Data\Map013.rvdata done.

C:\Users\User\Desktop\Folder\RPGMAKER\¸¶³àÀÇ Áý\Data\Map014.rvdata done.

C:\Users\User\Desktop\Folder\RPGMAKER\¸¶³àÀÇ Áý\Data\Map015.rvdata done.

C:\Users\User\Desktop\Folder\RPGMAKER\¸¶³àÀÇ Áý\Data\Map016.rvdata done.

C:\Users\User\Desktop\Folder\RPGMAKER\¸¶³àÀÇ Áý\Data\Map017.rvdata done.

C:\Users\User\Desktop\Folder\RPGMAKER\¸¶³àÀÇ Áý\Data\Map018.rvdata done.

C:\Users\User\Desktop\Folder\RPGMAKER\¸¶³àÀÇ Áý\Data\Map019.rvdata done.

C:\Users\User\Desktop\Folder\RPGMAKER\¸¶³àÀÇ Áý\Data\Map020.rvdata done.

C:\Users\User\Desktop\Folder\RPGMAKER\¸¶³àÀÇ Áý\Data\Map021.rvdata done.

C:\Users\User\Desktop\Folder\RPGMAKER\¸¶³àÀÇ Áý\Data\Map022.rvdata done.

C:\Users\User\Desktop\Folder\RPGMAKER\¸¶³àÀÇ Áý\Data\Map023.rvdata done.

C:\Users\User\Desktop\Folder\RPGMAKER\¸¶³àÀÇ Áý\Data\Map024.rvdata done.

C:\Users\User\Desktop\Folder\RPGMAKER\¸¶³àÀÇ Áý\Data\Map025.rvdata done.

C:\Users\User\Desktop\Folder\RPGMAKER\¸¶³àÀÇ Áý\Data\Map026.rvdata done.

C:\Users\User\Desktop\Folder\RPGMAKER\¸¶³àÀÇ Áý\Data\Map027.rvdata done.

C:\Users\User\Desktop\Folder\RPGMAKER\¸¶³àÀÇ Áý\Data\Map028.rvdata done.

C:\Users\User\Desktop\Folder\RPGMAKER\¸¶³àÀÇ Áý\Data\Map029.rvdata done.

C:\Users\User\Desktop\Folder\RPGMAKER\¸¶³àÀÇ Áý\Data\Map030.rvdata done.

C:\Users\User\Desktop\Folder\RPGMAKER\¸¶³àÀÇ Áý\Data\Map031.rvdata done.

C:\Users\User\Desktop\Folder\RPGMAKER\¸¶³àÀÇ Áý\Data\Map032.rvdata done.

C:\Users\User\Desktop\Folder\RPGMAKER\¸¶³àÀÇ Áý\Data\Map033.rvdata done.

C:\Users\User\Desktop\Folder\RPGMAKER\¸¶³àÀÇ Áý\Data\Map034.rvdata done.

C:\Users\User\Desktop\Folder\RPGMAKER\¸¶³àÀÇ Áý\Data\Map035.rvdata done.

C:\Users\User\Desktop\Folder\RPGMAKER\¸¶³àÀÇ Áý\Data\Map036.rvdata done.

C:\Users\User\Desktop\Folder\RPGMAKER\¸¶³àÀÇ Áý\Data\Map037.rvdata done.

C:\Users\User\Desktop\Folder\RPGMAKER\¸¶³àÀÇ Áý\Data\Map038.rvdata done.

C:\Users\User\Desktop\Folder\RPGMAKER\¸¶³àÀÇ Áý\Data\Map039.rvdata done.

C:\Users\User\Desktop\Folder\RPGMAKER\¸¶³àÀÇ Áý\Data\Map040.rvdata done.

C:\Users\User\Desktop\Folder\RPGMAKER\¸¶³àÀÇ Áý\Data\Map041.rvdata done.

C:\Users\User\Desktop\Folder\RPGMAKER\¸¶³àÀÇ Áý\Data\Map042.rvdata done.

C:\Users\User\Desktop\Folder\RPGMAKER\¸¶³àÀÇ Áý\Data\Map043.rvdata done.

C:\Users\User\Desktop\Folder\RPGMAKER\¸¶³àÀÇ Áý\Data\Map044.rvdata done.

C:\Users\User\Desktop\Folder\RPGMAKER\¸¶³àÀÇ Áý\Data\Map045.rvdata done.

C:\Users\User\Desktop\Folder\RPGMAKER\¸¶³àÀÇ Áý\Data\Map046.rvdata done.

C:\Users\User\Desktop\Folder\RPGMAKER\¸¶³àÀÇ Áý\Data\Map047.rvdata done.

C:\Users\User\Desktop\Folder\RPGMAKER\¸¶³àÀÇ Áý\Data\Map048.rvdata done.

C:\Users\User\Desktop\Folder\RPGMAKER\¸¶³àÀÇ Áý\Data\Map049.rvdata done.

C:\Users\User\Desktop\Folder\RPGMAKER\¸¶³àÀÇ Áý\Data\Map050.rvdata done.

C:\Users\User\Desktop\Folder\RPGMAKER\¸¶³àÀÇ Áý\Data\Map051.rvdata done.

C:\Users\User\Desktop\Folder\RPGMAKER\¸¶³àÀÇ Áý\Data\Map052.rvdata done.

C:\Users\User\Desktop\Folder\RPGMAKER\¸¶³àÀÇ Áý\Data\Map053.rvdata done.

C:\Users\User\Desktop\Folder\RPGMAKER\¸¶³àÀÇ Áý\Data\Map054.rvdata done.

C:\Users\User\Desktop\Folder\RPGMAKER\¸¶³àÀÇ Áý\Data\Map055.rvdata done.

C:\Users\User\Desktop\Folder\RPGMAKER\¸¶³àÀÇ Áý\Data\Map056.rvdata done.

C:\Users\User\Desktop\Folder\RPGMAKER\¸¶³àÀÇ Áý\Data\Map057.rvdata done.

C:\Users\User\Desktop\Folder\RPGMAKER\¸¶³àÀÇ Áý\Data\Map058.rvdata done.

C:\Users\User\Desktop\Folder\RPGMAKER\¸¶³àÀÇ Áý\Data\Map060.rvdata done.

C:\Users\User\Desktop\Folder\RPGMAKER\¸¶³àÀÇ Áý\Data\Map061.rvdata done.

C:\Users\User\Desktop\Folder\RPGMAKER\¸¶³àÀÇ Áý\Data\Map062.rvdata done.

C:\Users\User\Desktop\Folder\RPGMAKER\¸¶³àÀÇ Áý\Data\Map063.rvdata done.

C:\Users\User\Desktop\Folder\RPGMAKER\¸¶³àÀÇ Áý\Data\Map064.rvdata done.

C:\Users\User\Desktop\Folder\RPGMAKER\¸¶³àÀÇ Áý\Data\Map065.rvdata done.

C:\Users\User\Desktop\Folder\RPGMAKER\¸¶³àÀÇ Áý\Data\Map066.rvdata done.

C:\Users\User\Desktop\Folder\RPGMAKER\¸¶³àÀÇ Áý\Data\Map067.rvdata done.

C:\Users\User\Desktop\Folder\RPGMAKER\¸¶³àÀÇ Áý\Data\Map068.rvdata done.

C:\Users\User\Desktop\Folder\RPGMAKER\¸¶³àÀÇ Áý\Data\Map069.rvdata done.

C:\Users\User\Desktop\Folder\RPGMAKER\¸¶³àÀÇ Áý\Data\Map070.rvdata done.

C:\Users\User\Desktop\Folder\RPGMAKER\¸¶³àÀÇ Áý\Data\Map071.rvdata done.

C:\Users\User\Desktop\Folder\RPGMAKER\¸¶³àÀÇ Áý\Data\Map072.rvdata done.

C:\Users\User\Desktop\Folder\RPGMAKER\¸¶³àÀÇ Áý\Data\Map073.rvdata done.

C:\Users\User\Desktop\Folder\RPGMAKER\¸¶³àÀÇ Áý\Data\Map074.rvdata done.

C:\Users\User\Desktop\Folder\RPGMAKER\¸¶³àÀÇ Áý\Data\Map075.rvdata done.

C:\Users\User\Desktop\Folder\RPGMAKER\¸¶³àÀÇ Áý\Data\Map076.rvdata done.

C:\Users\User\Desktop\Folder\RPGMAKER\¸¶³àÀÇ Áý\Data\Map077.rvdata done.

C:\Users\User\Desktop\Folder\RPGMAKER\¸¶³àÀÇ Áý\Data\Map078.rvdata done.

C:\Users\User\Desktop\Folder\RPGMAKER\¸¶³àÀÇ Áý\Data\Map079.rvdata done.

C:\Users\User\Desktop\Folder\RPGMAKER\¸¶³àÀÇ Áý\Data\Map080.rvdata done.

C:\Users\User\Desktop\Folder\RPGMAKER\¸¶³àÀÇ Áý\Data\Map081.rvdata done.

C:\Users\User\Desktop\Folder\RPGMAKER\¸¶³àÀÇ Áý\Data\Map082.rvdata done.

C:\Users\User\Desktop\Folder\RPGMAKER\¸¶³àÀÇ Áý\Data\Map083.rvdata done.

C:\Users\User\Desktop\Folder\RPGMAKER\¸¶³àÀÇ Áý\Data\Map085.rvdata done.

C:\Users\User\Desktop\Folder\RPGMAKER\¸¶³àÀÇ Áý\Data\Map086.rvdata done.

C:\Users\User\Desktop\Folder\RPGMAKER\¸¶³àÀÇ Áý\Data\Map088.rvdata done.

C:\Users\User\Desktop\Folder\RPGMAKER\¸¶³àÀÇ Áý\Data\Map090.rvdata done.

C:\Users\User\Desktop\Folder\RPGMAKER\¸¶³àÀÇ Áý\Data\Map091.rvdata done.

C:\Users\User\Desktop\Folder\RPGMAKER\¸¶³àÀÇ Áý\Data\Map093.rvdata done.

C:\Users\User\Desktop\Folder\RPGMAKER\¸¶³àÀÇ Áý\Data\Map094.rvdata done.

C:\Users\User\Desktop\Folder\RPGMAKER\¸¶³àÀÇ Áý\Data\Map095.rvdata done.

C:\Users\User\Desktop\Folder\RPGMAKER\¸¶³àÀÇ Áý\Data\Map096.rvdata done.

C:\Users\User\Desktop\Folder\RPGMAKER\¸¶³àÀÇ Áý\Data\Map097.rvdata done.

C:\Users\User\Desktop\Folder\RPGMAKER\¸¶³àÀÇ Áý\Data\Map098.rvdata done.

C:\Users\User\Desktop\Folder\RPGMAKER\¸¶³àÀÇ Áý\Data\Map099.rvdata done.

C:\Users\User\Desktop\Folder\RPGMAKER\¸¶³àÀÇ Áý\Data\Map100.rvdata done.

C:\Users\User\Desktop\Folder\RPGMAKER\¸¶³àÀÇ Áý\Data\Map101.rvdata done.

C:\Users\User\Desktop\Folder\RPGMAKER\¸¶³àÀÇ Áý\Data\Map102.rvdata done.

C:\Users\User\Desktop\Folder\RPGMAKER\¸¶³àÀÇ Áý\Data\Map103.rvdata done.

C:\Users\User\Desktop\Folder\RPGMAKER\¸¶³àÀÇ Áý\Data\Map104.rvdata done.

C:\Users\User\Desktop\Folder\RPGMAKER\¸¶³àÀÇ Áý\Data\Map105.rvdata done.

C:\Users\User\Desktop\Folder\RPGMAKER\¸¶³àÀÇ Áý\Data\Map107.rvdata done.

C:\Users\User\Desktop\Folder\RPGMAKER\¸¶³àÀÇ Áý\Data\Map108.rvdata done.

C:\Users\User\Desktop\Folder\RPGMAKER\¸¶³àÀÇ Áý\Data\Map109.rvdata done.

C:\Users\User\Desktop\Folder\RPGMAKER\¸¶³àÀÇ Áý\Data\Map110.rvdata done.

C:\Users\User\Desktop\Folder\RPGMAKER\¸¶³àÀÇ Áý\Data\Map111.rvdata done.

C:\Users\User\Desktop\Folder\RPGMAKER\¸¶³àÀÇ Áý\Data\Map112.rvdata done.

C:\Users\User\Desktop\Folder\RPGMAKER\¸¶³àÀÇ Áý\Data\Map117.rvdata done.

C:\Users\User\Desktop\Folder\RPGMAKER\¸¶³àÀÇ Áý\Data\Map118.rvdata done.

C:\Users\User\Desktop\Folder\RPGMAKER\¸¶³àÀÇ Áý\Data\Map119.rvdata done.

C:\Users\User\Desktop\Folder\RPGMAKER\¸¶³àÀÇ Áý\Data\Map121.rvdata done.

C:\Users\User\Desktop\Folder\RPGMAKER\¸¶³àÀÇ Áý\Data\Map122.rvdata done.

C:\Users\User\Desktop\Folder\RPGMAKER\¸¶³àÀÇ Áý\Data\Map123.rvdata done.

C:\Users\User\Desktop\Folder\RPGMAKER\¸¶³àÀÇ Áý\Data\Map124.rvdata done.

C:\Users\User\Desktop\Folder\RPGMAKER\¸¶³àÀÇ Áý\Data\Map126.rvdata done.

C:\Users\User\Desktop\Folder\RPGMAKER\¸¶³àÀÇ Áý\Data\Map127.rvdata done.

C:\Users\User\Desktop\Folder\RPGMAKER\¸¶³àÀÇ Áý\Data\Map158.rvdata done.

C:\Users\User\Desktop\Folder\RPGMAKER\¸¶³àÀÇ Áý\Data\MapInfos.rvdata done.

C:\Users\User\Desktop\Folder\RPGMAKER\¸¶³àÀÇ Áý\Data\Scripts.rvdata done.

C:\Users\User\Desktop\Folder\RPGMAKER\¸¶³àÀÇ Áý\Data\Skills.rvdata done.

C:\Users\User\Desktop\Folder\RPGMAKER\¸¶³àÀÇ Áý\Data\States.rvdata done.

C:\Users\User\Desktop\Folder\RPGMAKER\¸¶³àÀÇ Áý\Data\System.rvdata done.

C:\Users\User\Desktop\Folder\RPGMAKER\¸¶³àÀÇ Áý\Data\Troops.rvdata done.

C:\Users\User\Desktop\Folder\RPGMAKER\¸¶³àÀÇ Áý\Data\Weapons.rvdata done.

C:\Users\User\Desktop\Folder\RPGMAKER\¸¶³àÀÇ Áý\Graphics\Characters\!$akari01.png done.

C:\Users\User\Desktop\Folder\RPGMAKER\¸¶³àÀÇ Áý\Graphics\Characters\!$akari01_big.png done.

C:\Users\User\Desktop\Folder\RPGMAKER\¸¶³àÀÇ Áý\Graphics\Characters\!$akari01_bigx1.5.png done.

C:\Users\User\Desktop\Folder\RPGMAKER\¸¶³àÀÇ Áý\Graphics\Characters\!$akari01_bigx2.png done.

C:\Users\User\Desktop\Folder\RPGMAKER\¸¶³àÀÇ Áý\Graphics\Characters\!$akari01_big_50.png done.

C:\Users\User\Desktop\Folder\RPGMAKER\¸¶³àÀÇ Áý\Graphics\Characters\!$akari01_big_mix.png done.

C:\Users\User\Desktop\Folder\RPGMAKER\¸¶³àÀÇ Áý\Graphics\Characters\!$akari01_half.png done.

C:\Users\User\Desktop\Folder\RPGMAKER\¸¶³àÀÇ Áý\Graphics\Characters\!$akari02.png done.

C:\Users\User\Desktop\Folder\RPGMAKER\¸¶³àÀÇ Áý\Graphics\Characters\!$akari03.png done.

C:\Users\User\Desktop\Folder\RPGMAKER\¸¶³àÀÇ Áý\Graphics\Characters\!$atamadokkon.png done.

C:\Users\User\Desktop\Folder\RPGMAKER\¸¶³àÀÇ Áý\Graphics\Characters\!$atamakun.png done.

C:\Users\User\Desktop\Folder\RPGMAKER\¸¶³àÀÇ Áý\Graphics\Characters\!$bear.png done.

C:\Users\User\Desktop\Folder\RPGMAKER\¸¶³àÀÇ Áý\Graphics\Characters\!$bear_assi.png done.

C:\Users\User\Desktop\Folder\RPGMAKER\¸¶³àÀÇ Áý\Graphics\Characters\!$bear_assi2.png done.

C:\Users\User\Desktop\Folder\RPGMAKER\¸¶³àÀÇ Áý\Graphics\Characters\!$eren.png done.

C:\Users\User\Desktop\Folder\RPGMAKER\¸¶³àÀÇ Áý\Graphics\Characters\!$eren2.png done.

C:\Users\User\Desktop\Folder\RPGMAKER\¸¶³àÀÇ Áý\Graphics\Characters\!$gaikotu.png done.

C:\Users\User\Desktop\Folder\RPGMAKER\¸¶³àÀÇ Áý\Graphics\Characters\!$goki_many.png done.

C:\Users\User\Desktop\Folder\RPGMAKER\¸¶³àÀÇ Áý\Graphics\Characters\!$hebi.png done.

C:\Users\User\Desktop\Folder\RPGMAKER\¸¶³àÀÇ Áý\Graphics\Characters\!$hebi2.png done.

C:\Users\User\Desktop\Folder\RPGMAKER\¸¶³àÀÇ Áý\Graphics\Characters\!$hebi3.png done.

C:\Users\User\Desktop\Folder\RPGMAKER\¸¶³àÀÇ Áý\Graphics\Characters\!$hebi4.png done.

C:\Users\User\Desktop\Folder\RPGMAKER\¸¶³àÀÇ Áý\Graphics\Characters\!$hennnano.png done.

C:\Users\User\Desktop\Folder\RPGMAKER\¸¶³àÀÇ Áý\Graphics\Characters\!$houtyou_big.png done.

C:\Users\User\Desktop\Folder\RPGMAKER\¸¶³àÀÇ Áý\Graphics\Characters\!$iwa2.png done.

C:\Users\User\Desktop\Folder\RPGMAKER\¸¶³àÀÇ Áý\Graphics\Characters\!$joseinoe.png done.

C:\Users\User\Desktop\Folder\RPGMAKER\¸¶³àÀÇ Áý\Graphics\Characters\!$joseinoe2.png done.

C:\Users\User\Desktop\Folder\RPGMAKER\¸¶³àÀÇ Áý\Graphics\Characters\!$joseinoe3.png done.

C:\Users\User\Desktop\Folder\RPGMAKER\¸¶³àÀÇ Áý\Graphics\Characters\!$joseinoe5.png done.

C:\Users\User\Desktop\Folder\RPGMAKER\¸¶³àÀÇ Áý\Graphics\Characters\!$josei_big.png done.

C:\Users\User\Desktop\Folder\RPGMAKER\¸¶³àÀÇ Áý\Graphics\Characters\!$josei_big2.png done.

C:\Users\User\Desktop\Folder\RPGMAKER\¸¶³àÀÇ Áý\Graphics\Characters\!$josei_vivinoe.png done.

C:\Users\User\Desktop\Folder\RPGMAKER\¸¶³àÀÇ Áý\Graphics\Characters\!$kagami.png done.

C:\Users\User\Desktop\Folder\RPGMAKER\¸¶³àÀÇ Áý\Graphics\Characters\!$kaiga.png done.

C:\Users\User\Desktop\Folder\RPGMAKER\¸¶³àÀÇ Áý\Graphics\Characters\!$object10.png done.

C:\Users\User\Desktop\Folder\RPGMAKER\¸¶³àÀÇ Áý\Graphics\Characters\!$object11.png done.

C:\Users\User\Desktop\Folder\RPGMAKER\¸¶³àÀÇ Áý\Graphics\Characters\!$object12.png done.

C:\Users\User\Desktop\Folder\RPGMAKER\¸¶³àÀÇ Áý\Graphics\Characters\!$object13.png done.

C:\Users\User\Desktop\Folder\RPGMAKER\¸¶³àÀÇ Áý\Graphics\Characters\!$object14.png done.

C:\Users\User\Desktop\Folder\RPGMAKER\¸¶³àÀÇ Áý\Graphics\Characters\!$object15.png done.

C:\Users\User\Desktop\Folder\RPGMAKER\¸¶³àÀÇ Áý\Graphics\Characters\!$object16.png done.

C:\Users\User\Desktop\Folder\RPGMAKER\¸¶³àÀÇ Áý\Graphics\Characters\!$object2.png done.

C:\Users\User\Desktop\Folder\RPGMAKER\¸¶³àÀÇ Áý\Graphics\Characters\!$object3.png done.

C:\Users\User\Desktop\Folder\RPGMAKER\¸¶³àÀÇ Áý\Graphics\Characters\!$object4.png done.

C:\Users\User\Desktop\Folder\RPGMAKER\¸¶³àÀÇ Áý\Graphics\Characters\!$object5.png done.

C:\Users\User\Desktop\Folder\RPGMAKER\¸¶³àÀÇ Áý\Graphics\Characters\!$object6.png done.

C:\Users\User\Desktop\Folder\RPGMAKER\¸¶³àÀÇ Áý\Graphics\Characters\!$object7.png done.

C:\Users\User\Desktop\Folder\RPGMAKER\¸¶³àÀÇ Áý\Graphics\Characters\!$object8.png done.

C:\Users\User\Desktop\Folder\RPGMAKER\¸¶³àÀÇ Áý\Graphics\Characters\!$object9.png done.

C:\Users\User\Desktop\Folder\RPGMAKER\¸¶³àÀÇ Áý\Graphics\Characters\!$object_bara.png done.

C:\Users\User\Desktop\Folder\RPGMAKER\¸¶³àÀÇ Áý\Graphics\Characters\!$object_gaikotu.png done.

C:\Users\User\Desktop\Folder\RPGMAKER\¸¶³àÀÇ Áý\Graphics\Characters\!$object_gaikotu2.png done.

C:\Users\User\Desktop\Folder\RPGMAKER\¸¶³àÀÇ Áý\Graphics\Characters\!$object_gaikotu3.png done.

C:\Users\User\Desktop\Folder\RPGMAKER\¸¶³àÀÇ Áý\Graphics\Characters\!$object_gaikotu4.png done.

C:\Users\User\Desktop\Folder\RPGMAKER\¸¶³àÀÇ Áý\Graphics\Characters\!$object_gaikotu5.png done.

C:\Users\User\Desktop\Folder\RPGMAKER\¸¶³àÀÇ Áý\Graphics\Characters\!$piano.png done.

C:\Users\User\Desktop\Folder\RPGMAKER\¸¶³àÀÇ Áý\Graphics\Characters\!$piano2.png done.

C:\Users\User\Desktop\Folder\RPGMAKER\¸¶³àÀÇ Áý\Graphics\Characters\!$piano3.png done.

C:\Users\User\Desktop\Folder\RPGMAKER\¸¶³àÀÇ Áý\Graphics\Characters\!$splatter.png done.

C:\Users\User\Desktop\Folder\RPGMAKER\¸¶³àÀÇ Áý\Graphics\Characters\!$splatter2.png done.

C:\Users\User\Desktop\Folder\RPGMAKER\¸¶³àÀÇ Áý\Graphics\Characters\!$StainedGlass2.png done.

C:\Users\User\Desktop\Folder\RPGMAKER\¸¶³àÀÇ Áý\Graphics\Characters\!$tegata.png done.

C:\Users\User\Desktop\Folder\RPGMAKER\¸¶³àÀÇ Áý\Graphics\Characters\!$tokei.png done.

C:\Users\User\Desktop\Folder\RPGMAKER\¸¶³àÀÇ Áý\Graphics\Characters\!$vivi.png done.

C:\Users\User\Desktop\Folder\RPGMAKER\¸¶³àÀÇ Áý\Graphics\Characters\!$vivi_doku_rakka.png done.

C:\Users\User\Desktop\Folder\RPGMAKER\¸¶³àÀÇ Áý\Graphics\Characters\!$vivi_door.PNG done.

C:\Users\User\Desktop\Folder\RPGMAKER\¸¶³àÀÇ Áý\Graphics\Characters\!$vivi_door2.PNG done.

C:\Users\User\Desktop\Folder\RPGMAKER\¸¶³àÀÇ Áý\Graphics\Characters\!$vivi_door3_close.PNG done.

C:\Users\User\Desktop\Folder\RPGMAKER\¸¶³àÀÇ Áý\Graphics\Characters\!$vivi_door_garas.PNG done.

C:\Users\User\Desktop\Folder\RPGMAKER\¸¶³àÀÇ Áý\Graphics\Characters\!$vivi_door_shadow.PNG done.

C:\Users\User\Desktop\Folder\RPGMAKER\¸¶³àÀÇ Áý\Graphics\Characters\!$vivi_kusa.png done.

C:\Users\User\Desktop\Folder\RPGMAKER\¸¶³àÀÇ Áý\Graphics\Characters\!$vivi_kusa2.png done.

C:\Users\User\Desktop\Folder\RPGMAKER\¸¶³àÀÇ Áý\Graphics\Characters\!$vivi_sasare.png done.

C:\Users\User\Desktop\Folder\RPGMAKER\¸¶³àÀÇ Áý\Graphics\Characters\!$wall.png done.

C:\Users\User\Desktop\Folder\RPGMAKER\¸¶³àÀÇ Áý\Graphics\Characters\!$wall2.png done.

C:\Users\User\Desktop\Folder\RPGMAKER\¸¶³àÀÇ Áý\Graphics\Characters\!$wall3.png done.

C:\Users\User\Desktop\Folder\RPGMAKER\¸¶³àÀÇ Áý\Graphics\Characters\!$wall4L.png done.

C:\Users\User\Desktop\Folder\RPGMAKER\¸¶³àÀÇ Áý\Graphics\Characters\!$wall4L2.png done.

C:\Users\User\Desktop\Folder\RPGMAKER\¸¶³àÀÇ Áý\Graphics\Characters\!$wall5.png done.

C:\Users\User\Desktop\Folder\RPGMAKER\¸¶³àÀÇ Áý\Graphics\Characters\!$wall_eye.png done.

C:\Users\User\Desktop\Folder\RPGMAKER\¸¶³àÀÇ Áý\Graphics\Characters\!$wall_tree.png done.

C:\Users\User\Desktop\Folder\RPGMAKER\¸¶³àÀÇ Áý\Graphics\Characters\!$wall_tree2.png done.

C:\Users\User\Desktop\Folder\RPGMAKER\¸¶³àÀÇ Áý\Graphics\Characters\!Door3.png done.

C:\Users\User\Desktop\Folder\RPGMAKER\¸¶³àÀÇ Áý\Graphics\Characters\!eren_dead.png done.

C:\Users\User\Desktop\Folder\RPGMAKER\¸¶³àÀÇ Áý\Graphics\Characters\!object.png done.

C:\Users\User\Desktop\Folder\RPGMAKER\¸¶³àÀÇ Áý\Graphics\Characters\!object1.png done.

C:\Users\User\Desktop\Folder\RPGMAKER\¸¶³àÀÇ Áý\Graphics\Characters\!object2.png done.

C:\Users\User\Desktop\Folder\RPGMAKER\¸¶³àÀÇ Áý\Graphics\Characters\!object3.png done.

C:\Users\User\Desktop\Folder\RPGMAKER\¸¶³àÀÇ Áý\Graphics\Characters\!object4.png done.

C:\Users\User\Desktop\Folder\RPGMAKER\¸¶³àÀÇ Áý\Graphics\Characters\!object5.png done.

C:\Users\User\Desktop\Folder\RPGMAKER\¸¶³àÀÇ Áý\Graphics\Characters\!object7.png done.

C:\Users\User\Desktop\Folder\RPGMAKER\¸¶³àÀÇ Áý\Graphics\Characters\!vivi_kubi.png done.

C:\Users\User\Desktop\Folder\RPGMAKER\¸¶³àÀÇ Áý\Graphics\Characters\!vivi_kubi_2.png done.

C:\Users\User\Desktop\Folder\RPGMAKER\¸¶³àÀÇ Áý\Graphics\Characters\!wooden_doorL.png done.

C:\Users\User\Desktop\Folder\RPGMAKER\¸¶³àÀÇ Áý\Graphics\Characters\$akamentama.png done.

C:\Users\User\Desktop\Folder\RPGMAKER\¸¶³àÀÇ Áý\Graphics\Characters\$brain.png done.

C:\Users\User\Desktop\Folder\RPGMAKER\¸¶³àÀÇ Áý\Graphics\Characters\$doll.png done.

C:\Users\User\Desktop\Folder\RPGMAKER\¸¶³àÀÇ Áý\Graphics\Characters\$doll2.png done.

C:\Users\User\Desktop\Folder\RPGMAKER\¸¶³àÀÇ Áý\Graphics\Characters\$eren_dead_true.png done.

C:\Users\User\Desktop\Folder\RPGMAKER\¸¶³àÀÇ Áý\Graphics\Characters\$gk_big.png done.

C:\Users\User\Desktop\Folder\RPGMAKER\¸¶³àÀÇ Áý\Graphics\Characters\$houtyou.png done.

C:\Users\User\Desktop\Folder\RPGMAKER\¸¶³àÀÇ Áý\Graphics\Characters\$kaeru.png done.

C:\Users\User\Desktop\Folder\RPGMAKER\¸¶³àÀÇ Áý\Graphics\Characters\$kaeru2.png done.

C:\Users\User\Desktop\Folder\RPGMAKER\¸¶³àÀÇ Áý\Graphics\Characters\$kaeru3.png done.

C:\Users\User\Desktop\Folder\RPGMAKER\¸¶³àÀÇ Áý\Graphics\Characters\$kaeru4.png done.

C:\Users\User\Desktop\Folder\RPGMAKER\¸¶³àÀÇ Áý\Graphics\Characters\$kumo2.png done.

C:\Users\User\Desktop\Folder\RPGMAKER\¸¶³àÀÇ Áý\Graphics\Characters\$neko.png done.

C:\Users\User\Desktop\Folder\RPGMAKER\¸¶³àÀÇ Áý\Graphics\Characters\$neko_dead.png done.

C:\Users\User\Desktop\Folder\RPGMAKER\¸¶³àÀÇ Áý\Graphics\Characters\$otama.png done.

C:\Users\User\Desktop\Folder\RPGMAKER\¸¶³àÀÇ Áý\Graphics\Characters\$sword.PNG done.

C:\Users\User\Desktop\Folder\RPGMAKER\¸¶³àÀÇ Áý\Graphics\Characters\$tori.png done.

C:\Users\User\Desktop\Folder\RPGMAKER\¸¶³àÀÇ Áý\Graphics\Characters\$vivi.PNG done.

C:\Users\User\Desktop\Folder\RPGMAKER\¸¶³àÀÇ Áý\Graphics\Characters\$viviseki.PNG done.

C:\Users\User\Desktop\Folder\RPGMAKER\¸¶³àÀÇ Áý\Graphics\Characters\$vivixxx.PNG done.

C:\Users\User\Desktop\Folder\RPGMAKER\¸¶³àÀÇ Áý\Graphics\Characters\$vivi_3.PNG done.

C:\Users\User\Desktop\Folder\RPGMAKER\¸¶³àÀÇ Áý\Graphics\Characters\$vivi_4.PNG done.

C:\Users\User\Desktop\Folder\RPGMAKER\¸¶³àÀÇ Áý\Graphics\Characters\$vivi_aka.PNG done.

C:\Users\User\Desktop\Folder\RPGMAKER\¸¶³àÀÇ Áý\Graphics\Characters\$vivi_aka2.PNG done.

C:\Users\User\Desktop\Folder\RPGMAKER\¸¶³àÀÇ Áý\Graphics\Characters\$vivi_aka3.PNG done.

C:\Users\User\Desktop\Folder\RPGMAKER\¸¶³àÀÇ Áý\Graphics\Characters\$vivi_akaikao.PNG done.

C:\Users\User\Desktop\Folder\RPGMAKER\¸¶³àÀÇ Áý\Graphics\Characters\$vivi_daddy.png done.

C:\Users\User\Desktop\Folder\RPGMAKER\¸¶³àÀÇ Áý\Graphics\Characters\$vivi_daddy0.png done.

C:\Users\User\Desktop\Folder\RPGMAKER\¸¶³àÀÇ Áý\Graphics\Characters\$vivi_daddy2.png done.

C:\Users\User\Desktop\Folder\RPGMAKER\¸¶³àÀÇ Áý\Graphics\Characters\$vivi_door.PNG done.

C:\Users\User\Desktop\Folder\RPGMAKER\¸¶³àÀÇ Áý\Graphics\Characters\$vivi_dousa_book.PNG done.

C:\Users\User\Desktop\Folder\RPGMAKER\¸¶³àÀÇ Áý\Graphics\Characters\$vivi_dousa_book2.PNG done.

C:\Users\User\Desktop\Folder\RPGMAKER\¸¶³àÀÇ Áý\Graphics\Characters\$vivi_dousa_book3.PNG done.

C:\Users\User\Desktop\Folder\RPGMAKER\¸¶³àÀÇ Áý\Graphics\Characters\$vivi_dousa_book4.PNG done.

C:\Users\User\Desktop\Folder\RPGMAKER\¸¶³àÀÇ Áý\Graphics\Characters\$vivi_dousa_fly1.PNG done.

C:\Users\User\Desktop\Folder\RPGMAKER\¸¶³àÀÇ Áý\Graphics\Characters\$vivi_dousa_fly2.PNG done.

C:\Users\User\Desktop\Folder\RPGMAKER\¸¶³àÀÇ Áý\Graphics\Characters\$vivi_dousa_humu.PNG done.

C:\Users\User\Desktop\Folder\RPGMAKER\¸¶³àÀÇ Áý\Graphics\Characters\$vivi_dousa_left.png done.

C:\Users\User\Desktop\Folder\RPGMAKER\¸¶³àÀÇ Áý\Graphics\Characters\$vivi_dousa_look.PNG done.

C:\Users\User\Desktop\Folder\RPGMAKER\¸¶³àÀÇ Áý\Graphics\Characters\$vivi_dousa_miru_shita.PNG done.

C:\Users\User\Desktop\Folder\RPGMAKER\¸¶³àÀÇ Áý\Graphics\Characters\$vivi_dousa_nozoku.png done.

C:\Users\User\Desktop\Folder\RPGMAKER\¸¶³àÀÇ Áý\Graphics\Characters\$vivi_dousa_nozoku2.PNG done.

C:\Users\User\Desktop\Folder\RPGMAKER\¸¶³àÀÇ Áý\Graphics\Characters\$vivi_dousa_right.png done.

C:\Users\User\Desktop\Folder\RPGMAKER\¸¶³àÀÇ Áý\Graphics\Characters\$vivi_dousa_shita.png done.

C:\Users\User\Desktop\Folder\RPGMAKER\¸¶³àÀÇ Áý\Graphics\Characters\$vivi_dousa_shita2.png done.

C:\Users\User\Desktop\Folder\RPGMAKER\¸¶³àÀÇ Áý\Graphics\Characters\$vivi_dousa_shita3.png done.

C:\Users\User\Desktop\Folder\RPGMAKER\¸¶³àÀÇ Áý\Graphics\Characters\$vivi_dousa_shita_syagamu.PNG done.

C:\Users\User\Desktop\Folder\RPGMAKER\¸¶³àÀÇ Áý\Graphics\Characters\$vivi_gai.PNG done.

C:\Users\User\Desktop\Folder\RPGMAKER\¸¶³àÀÇ Áý\Graphics\Characters\$vivi_garasu.PNG done.

C:\Users\User\Desktop\Folder\RPGMAKER\¸¶³àÀÇ Áý\Graphics\Characters\$vivi_gy.PNG done.

C:\Users\User\Desktop\Folder\RPGMAKER\¸¶³àÀÇ Áý\Graphics\Characters\$vivi_hebi.PNG done.

C:\Users\User\Desktop\Folder\RPGMAKER\¸¶³àÀÇ Áý\Graphics\Characters\$vivi_hi.png done.

C:\Users\User\Desktop\Folder\RPGMAKER\¸¶³àÀÇ Áý\Graphics\Characters\$vivi_high.PNG done.

C:\Users\User\Desktop\Folder\RPGMAKER\¸¶³àÀÇ Áý\Graphics\Characters\$vivi_high_dousa.PNG done.

C:\Users\User\Desktop\Folder\RPGMAKER\¸¶³àÀÇ Áý\Graphics\Characters\$vivi_hi_ryoute.png done.

C:\Users\User\Desktop\Folder\RPGMAKER\¸¶³àÀÇ Áý\Graphics\Characters\$vivi_j.PNG done.

C:\Users\User\Desktop\Folder\RPGMAKER\¸¶³àÀÇ Áý\Graphics\Characters\$vivi_j2.PNG done.

C:\Users\User\Desktop\Folder\RPGMAKER\¸¶³àÀÇ Áý\Graphics\Characters\$vivi_kubi.png done.

C:\Users\User\Desktop\Folder\RPGMAKER\¸¶³àÀÇ Áý\Graphics\Characters\$vivi_kurai.PNG done.

C:\Users\User\Desktop\Folder\RPGMAKER\¸¶³àÀÇ Áý\Graphics\Characters\$vivi_mabataki_hidari.PNG done.

C:\Users\User\Desktop\Folder\RPGMAKER\¸¶³àÀÇ Áý\Graphics\Characters\$vivi_mabataki_migi.PNG done.

C:\Users\User\Desktop\Folder\RPGMAKER\¸¶³àÀÇ Áý\Graphics\Characters\$vivi_mabataki_shita.PNG done.

C:\Users\User\Desktop\Folder\RPGMAKER\¸¶³àÀÇ Áý\Graphics\Characters\$vivi_mimiate.PNG done.

C:\Users\User\Desktop\Folder\RPGMAKER\¸¶³àÀÇ Áý\Graphics\Characters\$vivi_mizu.PNG done.

C:\Users\User\Desktop\Folder\RPGMAKER\¸¶³àÀÇ Áý\Graphics\Characters\$vivi_naname.PNG done.

C:\Users\User\Desktop\Folder\RPGMAKER\¸¶³àÀÇ Áý\Graphics\Characters\$vivi_naname2.PNG done.

C:\Users\User\Desktop\Folder\RPGMAKER\¸¶³àÀÇ Áý\Graphics\Characters\$vivi_neru.png done.

C:\Users\User\Desktop\Folder\RPGMAKER\¸¶³àÀÇ Áý\Graphics\Characters\$vivi_rakka.PNG done.

C:\Users\User\Desktop\Folder\RPGMAKER\¸¶³àÀÇ Áý\Graphics\Characters\$vivi_ryoute_hidari.PNG done.

C:\Users\User\Desktop\Folder\RPGMAKER\¸¶³àÀÇ Áý\Graphics\Characters\$vivi_ryoute_shita.png done.

C:\Users\User\Desktop\Folder\RPGMAKER\¸¶³àÀÇ Áý\Graphics\Characters\$vivi_s.PNG done.

C:\Users\User\Desktop\Folder\RPGMAKER\¸¶³àÀÇ Áý\Graphics\Characters\$vivi_s2.PNG done.

C:\Users\User\Desktop\Folder\RPGMAKER\¸¶³àÀÇ Áý\Graphics\Characters\$vivi_said.PNG done.

C:\Users\User\Desktop\Folder\RPGMAKER\¸¶³àÀÇ Áý\Graphics\Characters\$vivi_sasareru.PNG done.

C:\Users\User\Desktop\Folder\RPGMAKER\¸¶³àÀÇ Áý\Graphics\Characters\$vivi_sasareru2.PNG done.

C:\Users\User\Desktop\Folder\RPGMAKER\¸¶³àÀÇ Áý\Graphics\Characters\$vivi_sasu.PNG done.

C:\Users\User\Desktop\Folder\RPGMAKER\¸¶³àÀÇ Áý\Graphics\Characters\$vivi_tiabi.PNG done.

C:\Users\User\Desktop\Folder\RPGMAKER\¸¶³àÀÇ Áý\Graphics\Characters\$vivi_turi.png done.

C:\Users\User\Desktop\Folder\RPGMAKER\¸¶³àÀÇ Áý\Graphics\Characters\$vivi_unaduki.png done.

C:\Users\User\Desktop\Folder\RPGMAKER\¸¶³àÀÇ Áý\Graphics\Characters\$vivi_warai.PNG done.

C:\Users\User\Desktop\Folder\RPGMAKER\¸¶³àÀÇ Áý\Graphics\Characters\$vx_chara0001neru.png done.

C:\Users\User\Desktop\Folder\RPGMAKER\¸¶³àÀÇ Áý\Graphics\Characters\$vx_chara03_bnaname.PNG done.

C:\Users\User\Desktop\Folder\RPGMAKER\¸¶³àÀÇ Áý\Graphics\Characters\$vx_eren2.PNG done.

C:\Users\User\Desktop\Folder\RPGMAKER\¸¶³àÀÇ Áý\Graphics\Characters\$vx_eren3.PNG done.

C:\Users\User\Desktop\Folder\RPGMAKER\¸¶³àÀÇ Áý\Graphics\Characters\$vx_eren3_1.PNG done.

C:\Users\User\Desktop\Folder\RPGMAKER\¸¶³àÀÇ Áý\Graphics\Characters\$vx_eren5.PNG done.

C:\Users\User\Desktop\Folder\RPGMAKER\¸¶³àÀÇ Áý\Graphics\Characters\$vx_eren_kubinasi.PNG done.

C:\Users\User\Desktop\Folder\RPGMAKER\¸¶³àÀÇ Áý\Graphics\Characters\$watasinoie2.png done.

C:\Users\User\Desktop\Folder\RPGMAKER\¸¶³àÀÇ Áý\Graphics\Characters\$yajirusi.png done.

C:\Users\User\Desktop\Folder\RPGMAKER\¸¶³àÀÇ Áý\Graphics\Characters\cat.png done.

C:\Users\User\Desktop\Folder\RPGMAKER\¸¶³àÀÇ Áý\Graphics\Characters\object2.png done.

C:\Users\User\Desktop\Folder\RPGMAKER\¸¶³àÀÇ Áý\Graphics\Characters\object3.png done.

C:\Users\User\Desktop\Folder\RPGMAKER\¸¶³àÀÇ Áý\Graphics\Characters\object4.png done.

C:\Users\User\Desktop\Folder\RPGMAKER\¸¶³àÀÇ Áý\Graphics\Characters\object5.png done.

C:\Users\User\Desktop\Folder\RPGMAKER\¸¶³àÀÇ Áý\Graphics\Characters\object8.png done.

C:\Users\User\Desktop\Folder\RPGMAKER\¸¶³àÀÇ Áý\Graphics\Characters\object9.png done.

C:\Users\User\Desktop\Folder\RPGMAKER\¸¶³àÀÇ Áý\Graphics\Characters\vivi.png done.

C:\Users\User\Desktop\Folder\RPGMAKER\¸¶³àÀÇ Áý\Graphics\Characters\vivi_dead.png done.

C:\Users\User\Desktop\Folder\RPGMAKER\¸¶³àÀÇ Áý\Graphics\Characters\vivi_dead3.png done.

C:\Users\User\Desktop\Folder\RPGMAKER\¸¶³àÀÇ Áý\Graphics\Characters\vivi_dead4.png done.

C:\Users\User\Desktop\Folder\RPGMAKER\¸¶³àÀÇ Áý\Graphics\Characters\vivi_look.png done.

C:\Users\User\Desktop\Folder\RPGMAKER\¸¶³àÀÇ Áý\Graphics\Characters\vivi_push.png done.

C:\Users\User\Desktop\Folder\RPGMAKER\¸¶³àÀÇ Áý\Graphics\Characters\vivi_read.png done.

C:\Users\User\Desktop\Folder\RPGMAKER\¸¶³àÀÇ Áý\Graphics\Characters\vivi_shadow.png done.

C:\Users\User\Desktop\Folder\RPGMAKER\¸¶³àÀÇ Áý\Graphics\Characters\vivi_shadow2.png done.

C:\Users\User\Desktop\Folder\RPGMAKER\¸¶³àÀÇ Áý\Graphics\Characters\õÚÊ¥.png done.

C:\Users\User\Desktop\Folder\RPGMAKER\¸¶³àÀÇ Áý\Graphics\Faces\viviface.png done.

C:\Users\User\Desktop\Folder\RPGMAKER\¸¶³àÀÇ Áý\Graphics\Faces\viviface2.png done.

C:\Users\User\Desktop\Folder\RPGMAKER\¸¶³àÀÇ Áý\Graphics\Parallaxes\001-Fog01.png done.

C:\Users\User\Desktop\Folder\RPGMAKER\¸¶³àÀÇ Áý\Graphics\Parallaxes\001-Fog02.png done.

C:\Users\User\Desktop\Folder\RPGMAKER\¸¶³àÀÇ Áý\Graphics\Parallaxes\001-Fog03.png done.

C:\Users\User\Desktop\Folder\RPGMAKER\¸¶³àÀÇ Áý\Graphics\Parallaxes\001-Fog04.png done.

C:\Users\User\Desktop\Folder\RPGMAKER\¸¶³àÀÇ Áý\Graphics\Parallaxes\water001.png done.

C:\Users\User\Desktop\Folder\RPGMAKER\¸¶³àÀÇ Áý\Graphics\Parallaxes\water002.png done.

C:\Users\User\Desktop\Folder\RPGMAKER\¸¶³àÀÇ Áý\Graphics\Parallaxes\yuka10b_StoneTile.png done.

C:\Users\User\Desktop\Folder\RPGMAKER\¸¶³àÀÇ Áý\Graphics\Parallaxes\yuka10_StoneTile.png done.

C:\Users\User\Desktop\Folder\RPGMAKER\¸¶³àÀÇ Áý\Graphics\Parallaxes\yuka116_wood_floor2.png done.

C:\Users\User\Desktop\Folder\RPGMAKER\¸¶³àÀÇ Áý\Graphics\Parallaxes\yuka116_wood_floor3.png done.

C:\Users\User\Desktop\Folder\RPGMAKER\¸¶³àÀÇ Áý\Graphics\Parallaxes\yuka129_Stone_pavement.png done.

C:\Users\User\Desktop\Folder\RPGMAKER\¸¶³àÀÇ Áý\Graphics\Parallaxes\yuka129_Stone_pavement2.png done.

C:\Users\User\Desktop\Folder\RPGMAKER\¸¶³àÀÇ Áý\Graphics\Parallaxes\yuka129_Stone_pavement4.png done.

C:\Users\User\Desktop\Folder\RPGMAKER\¸¶³àÀÇ Áý\Graphics\Parallaxes\yuka55_CourtFloor.png done.

C:\Users\User\Desktop\Folder\RPGMAKER\¸¶³àÀÇ Áý\Graphics\Parallaxes\yuka66_Meadow.png done.

C:\Users\User\Desktop\Folder\RPGMAKER\¸¶³àÀÇ Áý\Graphics\Parallaxes\yuka67_Tree-trunk.png done.

C:\Users\User\Desktop\Folder\RPGMAKER\¸¶³àÀÇ Áý\Graphics\Parallaxes\yukab006x.png done.

C:\Users\User\Desktop\Folder\RPGMAKER\¸¶³àÀÇ Áý\Graphics\Parallaxes\yukab006y.png done.

C:\Users\User\Desktop\Folder\RPGMAKER\¸¶³àÀÇ Áý\Graphics\Parallaxes\yukab007.png done.

C:\Users\User\Desktop\Folder\RPGMAKER\¸¶³àÀÇ Áý\Graphics\Parallaxes\yukab009b.png done.

C:\Users\User\Desktop\Folder\RPGMAKER\¸¶³àÀÇ Áý\Graphics\Parallaxes\yukab011.png done.

C:\Users\User\Desktop\Folder\RPGMAKER\¸¶³àÀÇ Áý\Graphics\Parallaxes\yukab012.png done.

C:\Users\User\Desktop\Folder\RPGMAKER\¸¶³àÀÇ Áý\Graphics\Parallaxes\yukab013.png done.

C:\Users\User\Desktop\Folder\RPGMAKER\¸¶³àÀÇ Áý\Graphics\Parallaxes\yukab013b.png done.

C:\Users\User\Desktop\Folder\RPGMAKER\¸¶³àÀÇ Áý\Graphics\Parallaxes\yukab014b.png done.

C:\Users\User\Desktop\Folder\RPGMAKER\¸¶³àÀÇ Áý\Graphics\Parallaxes\yukab016d.png done.

C:\Users\User\Desktop\Folder\RPGMAKER\¸¶³àÀÇ Áý\Graphics\Parallaxes\yukab017.png done.

C:\Users\User\Desktop\Folder\RPGMAKER\¸¶³àÀÇ Áý\Graphics\Parallaxes\yukab022.png done.

C:\Users\User\Desktop\Folder\RPGMAKER\¸¶³àÀÇ Áý\Graphics\Parallaxes\yukab022b.png done.

C:\Users\User\Desktop\Folder\RPGMAKER\¸¶³àÀÇ Áý\Graphics\Parallaxes\yukab022c.png done.

C:\Users\User\Desktop\Folder\RPGMAKER\¸¶³àÀÇ Áý\Graphics\Parallaxes\yukab022d.png done.

C:\Users\User\Desktop\Folder\RPGMAKER\¸¶³àÀÇ Áý\Graphics\Parallaxes\yukab022e.png done.

C:\Users\User\Desktop\Folder\RPGMAKER\¸¶³àÀÇ Áý\Graphics\Parallaxes\yukab022r.png done.

C:\Users\User\Desktop\Folder\RPGMAKER\¸¶³àÀÇ Áý\Graphics\Parallaxes\yukab028.png done.

C:\Users\User\Desktop\Folder\RPGMAKER\¸¶³àÀÇ Áý\Graphics\Parallaxes\yukab028red.png done.

C:\Users\User\Desktop\Folder\RPGMAKER\¸¶³àÀÇ Áý\Graphics\Parallaxes\yukab032.png done.

C:\Users\User\Desktop\Folder\RPGMAKER\¸¶³àÀÇ Áý\Graphics\Parallaxes\yukab033b.png done.

C:\Users\User\Desktop\Folder\RPGMAKER\¸¶³àÀÇ Áý\Graphics\Parallaxes\yukab033c.png done.

C:\Users\User\Desktop\Folder\RPGMAKER\¸¶³àÀÇ Áý\Graphics\Parallaxes\yukab034c.png done.

C:\Users\User\Desktop\Folder\RPGMAKER\¸¶³àÀÇ Áý\Graphics\Parallaxes\yukab034d.png done.

C:\Users\User\Desktop\Folder\RPGMAKER\¸¶³àÀÇ Áý\Graphics\Parallaxes\yukab036.png done.

C:\Users\User\Desktop\Folder\RPGMAKER\¸¶³àÀÇ Áý\Graphics\Parallaxes\yukab037.png done.

C:\Users\User\Desktop\Folder\RPGMAKER\¸¶³àÀÇ Áý\Graphics\Parallaxes\yukab037b.png done.

C:\Users\User\Desktop\Folder\RPGMAKER\¸¶³àÀÇ Áý\Graphics\Parallaxes\yukab037b2.png done.

C:\Users\User\Desktop\Folder\RPGMAKER\¸¶³àÀÇ Áý\Graphics\Parallaxes\yukab039.png done.

C:\Users\User\Desktop\Folder\RPGMAKER\¸¶³àÀÇ Áý\Graphics\Parallaxes\yukab060.png done.

C:\Users\User\Desktop\Folder\RPGMAKER\¸¶³àÀÇ Áý\Graphics\Parallaxes\yukab060b.png done.

C:\Users\User\Desktop\Folder\RPGMAKER\¸¶³àÀÇ Áý\Graphics\Parallaxes\yukab063c.png done.

C:\Users\User\Desktop\Folder\RPGMAKER\¸¶³àÀÇ Áý\Graphics\Parallaxes\yukab063c2.png done.

C:\Users\User\Desktop\Folder\RPGMAKER\¸¶³àÀÇ Áý\Graphics\Parallaxes\yukab063e.png done.

C:\Users\User\Desktop\Folder\RPGMAKER\¸¶³àÀÇ Áý\Graphics\Parallaxes\yukab067.png done.

C:\Users\User\Desktop\Folder\RPGMAKER\¸¶³àÀÇ Áý\Graphics\Parallaxes\yukab070b.png done.

C:\Users\User\Desktop\Folder\RPGMAKER\¸¶³àÀÇ Áý\Graphics\Parallaxes\yukab080.png done.

C:\Users\User\Desktop\Folder\RPGMAKER\¸¶³àÀÇ Áý\Graphics\Parallaxes\yukab080b.png done.

C:\Users\User\Desktop\Folder\RPGMAKER\¸¶³àÀÇ Áý\Graphics\Parallaxes\yukab090.png done.

C:\Users\User\Desktop\Folder\RPGMAKER\¸¶³àÀÇ Áý\Graphics\Parallaxes\yukab090b.png done.

C:\Users\User\Desktop\Folder\RPGMAKER\¸¶³àÀÇ Áý\Graphics\Parallaxes\yukab35.png done.

C:\Users\User\Desktop\Folder\RPGMAKER\¸¶³àÀÇ Áý\Graphics\Parallaxes\yukac003.png done.

C:\Users\User\Desktop\Folder\RPGMAKER\¸¶³àÀÇ Áý\Graphics\Pictures\1.png done.

C:\Users\User\Desktop\Folder\RPGMAKER\¸¶³àÀÇ Áý\Graphics\Pictures\3.png done.

C:\Users\User\Desktop\Folder\RPGMAKER\¸¶³àÀÇ Áý\Graphics\Pictures\4.png done.

C:\Users\User\Desktop\Folder\RPGMAKER\¸¶³àÀÇ Áý\Graphics\Pictures\end.png done.

C:\Users\User\Desktop\Folder\RPGMAKER\¸¶³àÀÇ Áý\Graphics\System\black.jpg done.

C:\Users\User\Desktop\Folder\RPGMAKER\¸¶³àÀÇ Áý\Graphics\System\GameOver.png done.

C:\Users\User\Desktop\Folder\RPGMAKER\¸¶³àÀÇ Áý\Graphics\System\light.png done.

C:\Users\User\Desktop\Folder\RPGMAKER\¸¶³àÀÇ Áý\Graphics\System\light01.jpg done.

C:\Users\User\Desktop\Folder\RPGMAKER\¸¶³àÀÇ Áý\Graphics\System\light02.jpg done.

C:\Users\User\Desktop\Folder\RPGMAKER\¸¶³àÀÇ Áý\Graphics\System\light03.jpg done.

C:\Users\User\Desktop\Folder\RPGMAKER\¸¶³àÀÇ Áý\Graphics\System\light9.png done.

C:\Users\User\Desktop\Folder\RPGMAKER\¸¶³àÀÇ Áý\Graphics\System\light9b2.png done.

C:\Users\User\Desktop\Folder\RPGMAKER\¸¶³àÀÇ Áý\Graphics\System\TileA1.png done.

C:\Users\User\Desktop\Folder\RPGMAKER\¸¶³àÀÇ Áý\Graphics\System\tilea2.png done.

C:\Users\User\Desktop\Folder\RPGMAKER\¸¶³àÀÇ Áý\Graphics\System\TileA3.png done.

C:\Users\User\Desktop\Folder\RPGMAKER\¸¶³àÀÇ Áý\Graphics\System\TileA4.png done.

C:\Users\User\Desktop\Folder\RPGMAKER\¸¶³àÀÇ Áý\Graphics\System\TileA5.png done.

C:\Users\User\Desktop\Folder\RPGMAKER\¸¶³àÀÇ Áý\Graphics\System\TileB.png done.

C:\Users\User\Desktop\Folder\RPGMAKER\¸¶³àÀÇ Áý\Graphics\System\tileC.png done.

C:\Users\User\Desktop\Folder\RPGMAKER\¸¶³àÀÇ Áý\Graphics\System\tiled.png done.

C:\Users\User\Desktop\Folder\RPGMAKER\¸¶³àÀÇ Áý\Graphics\System\tileE.png done.

C:\Users\User\Desktop\Folder\RPGMAKER\¸¶³àÀÇ Áý\Graphics\System\title.png done.

C:\Users\User\Desktop\Folder\RPGMAKER\¸¶³àÀÇ Áý\Graphics\System\Window.png done.

